<?xml version="1.0" encoding="UTF-8"?>
<!-- Generated by org.testng.reporters.JUnitReportReporter -->
<testsuite skipped="0" hostname="DESKTOP-3IDHVFP" name="tests.DependsOnTests" tests="3" failures="0" timestamp="2019-09-15T17:49:15 EDT" time="0.017" errors="0">
  <testcase name="SignIn" time="0.001" classname="tests.DependsOnTests"/>
  <testcase name="LogOut" time="0.001" classname="tests.DependsOnTests"/>
  <testcase name="OpenBrowser" time="0.015" classname="tests.DependsOnTests"/>
</testsuite> <!-- tests.DependsOnTests -->
